2022-03-29 16:04:27,545 [Worker-6: Loading available Gradle versions] INFO  o.e.b.c.i.u.g.PublishedGradleVersions - Gradle version information cache is up-to-date. Trying to read.
2022-03-29 16:06:04,908 [Worker-9: Enabling Maven Dependency Management] INFO  o.e.m.c.i.l.LifecycleMappingFactory - Using org.maven.ide.eclipse.wtp.WarLifecycleMapping lifecycle mapping for MavenProject: Phase2_feb_fundamental:Phase2_feb_fundamental:0.0.1-SNAPSHOT @ E:\Eclipse\Phase2\Phase2_feb_fundamental\pom.xml.
2022-03-29 16:06:05,587 [Worker-9: Enabling Maven Dependency Management] ERROR o.e.m.c.u.i.a.EnableNatureAction - Could not calculate build plan: Plugin org.apache.maven.plugins:maven-resources-plugin:2.6 or one of its dependencies could not be resolved: Failed to read artifact descriptor for org.apache.maven.plugins:maven-resources-plugin:jar:2.6
org.eclipse.core.runtime.CoreException: Could not calculate build plan: Plugin org.apache.maven.plugins:maven-resources-plugin:2.6 or one of its dependencies could not be resolved: Failed to read artifact descriptor for org.apache.maven.plugins:maven-resources-plugin:jar:2.6
	at org.eclipse.m2e.core.internal.embedder.MavenImpl.setupMojoExecution(MavenImpl.java:417)
	at org.eclipse.m2e.core.internal.embedder.MavenImpl.lambda$1(MavenImpl.java:426)
	at org.eclipse.m2e.core.internal.embedder.MavenExecutionContext.executeBare(MavenExecutionContext.java:182)
	at org.eclipse.m2e.core.internal.embedder.MavenExecutionContext.execute(MavenExecutionContext.java:117)
	at org.eclipse.m2e.core.internal.embedder.MavenImpl.setupMojoExecution(MavenImpl.java:426)
	at org.eclipse.m2e.core.internal.project.registry.ProjectRegistryManager.setupMojoExecution(ProjectRegistryManager.java:1003)
	at org.eclipse.m2e.core.internal.project.registry.MavenProjectFacade.getMojoExecution(MavenProjectFacade.java:446)
	at org.eclipse.m2e.core.project.configurator.AbstractCustomizableLifecycleMapping.getBuildParticipants(AbstractCustomizableLifecycleMapping.java:69)
	at org.eclipse.m2e.core.project.configurator.AbstractLifecycleMapping.configure(AbstractLifecycleMapping.java:101)
	at org.eclipse.m2e.core.internal.project.ProjectConfigurationManager.lambda$2(ProjectConfigurationManager.java:515)
	at org.eclipse.m2e.core.internal.embedder.MavenExecutionContext.executeBare(MavenExecutionContext.java:182)
	at org.eclipse.m2e.core.internal.embedder.MavenExecutionContext.execute(MavenExecutionContext.java:156)
	at org.eclipse.m2e.core.internal.project.ProjectConfigurationManager.updateProjectConfiguration(ProjectConfigurationManager.java:509)
	at org.eclipse.m2e.core.internal.project.ProjectConfigurationManager.configureNewMavenProjects(ProjectConfigurationManager.java:298)
	at org.eclipse.m2e.core.internal.project.ProjectConfigurationManager$1.run(ProjectConfigurationManager.java:536)
	at org.eclipse.m2e.core.internal.embedder.AbstractRunnable.call(AbstractRunnable.java:29)
	at org.eclipse.m2e.core.internal.embedder.AbstractRunnable.call(AbstractRunnable.java:1)
	at org.eclipse.m2e.core.internal.embedder.MavenExecutionContext.executeBare(MavenExecutionContext.java:182)
	at org.eclipse.m2e.core.internal.embedder.MavenExecutionContext.execute(MavenExecutionContext.java:156)
	at org.eclipse.m2e.core.internal.embedder.MavenExecutionContext.execute(MavenExecutionContext.java:103)
	at org.eclipse.m2e.core.internal.embedder.MavenImpl.execute(MavenImpl.java:1416)
	at org.eclipse.m2e.core.internal.project.ProjectConfigurationManager.enableMavenNature(ProjectConfigurationManager.java:532)
	at org.eclipse.m2e.core.ui.internal.actions.EnableNatureAction$1.run(EnableNatureAction.java:141)
	at org.eclipse.core.internal.jobs.Worker.run(Worker.java:63)
Caused by: org.apache.maven.plugin.PluginResolutionException: Plugin org.apache.maven.plugins:maven-resources-plugin:2.6 or one of its dependencies could not be resolved: Failed to read artifact descriptor for org.apache.maven.plugins:maven-resources-plugin:jar:2.6
	at org.apache.maven.plugin.internal.DefaultPluginDependenciesResolver.resolve(DefaultPluginDependenciesResolver.java:121)
	at org.eclipse.m2e.core.internal.project.registry.EclipsePluginDependenciesResolver.resolve(EclipsePluginDependenciesResolver.java:49)
	at org.apache.maven.plugin.internal.DefaultMavenPluginManager.getPluginDescriptor(DefaultMavenPluginManager.java:182)
	at org.apache.maven.plugin.internal.DefaultMavenPluginManager.getMojoDescriptor(DefaultMavenPluginManager.java:286)
	at org.apache.maven.plugin.DefaultBuildPluginManager.getMojoDescriptor(DefaultBuildPluginManager.java:244)
	at org.apache.maven.lifecycle.internal.DefaultLifecycleExecutionPlanCalculator.setupMojoExecution(DefaultLifecycleExecutionPlanCalculator.java:169)
	at org.eclipse.m2e.core.internal.embedder.MavenImpl.setupMojoExecution(MavenImpl.java:415)
	... 23 common frames omitted
Caused by: org.eclipse.aether.resolution.ArtifactDescriptorException: Failed to read artifact descriptor for org.apache.maven.plugins:maven-resources-plugin:jar:2.6
	at org.apache.maven.repository.internal.DefaultArtifactDescriptorReader.loadPom(DefaultArtifactDescriptorReader.java:259)
	at org.apache.maven.repository.internal.DefaultArtifactDescriptorReader.readArtifactDescriptor(DefaultArtifactDescriptorReader.java:175)
	at org.eclipse.aether.internal.impl.DefaultRepositorySystem.readArtifactDescriptor(DefaultRepositorySystem.java:255)
	at org.apache.maven.plugin.internal.DefaultPluginDependenciesResolver.resolve(DefaultPluginDependenciesResolver.java:107)
	... 29 common frames omitted
Caused by: org.eclipse.aether.resolution.ArtifactResolutionException: org.apache.maven.plugins:maven-resources-plugin:pom:2.6 failed to transfer from https://repo.maven.apache.org/maven2 during a previous attempt. This failure was cached in the local repository and resolution is not reattempted until the update interval of central has elapsed or updates are forced. Original error: Could not transfer artifact org.apache.maven.plugins:maven-resources-plugin:pom:2.6 from/to central (https://repo.maven.apache.org/maven2): The operation was cancelled.
	at org.eclipse.aether.internal.impl.DefaultArtifactResolver.resolve(DefaultArtifactResolver.java:425)
	at org.eclipse.aether.internal.impl.DefaultArtifactResolver.resolveArtifacts(DefaultArtifactResolver.java:229)
	at org.eclipse.aether.internal.impl.DefaultArtifactResolver.resolveArtifact(DefaultArtifactResolver.java:207)
	at org.apache.maven.repository.internal.DefaultArtifactDescriptorReader.loadPom(DefaultArtifactDescriptorReader.java:244)
	... 32 common frames omitted
Caused by: org.eclipse.aether.transfer.ArtifactTransferException: org.apache.maven.plugins:maven-resources-plugin:pom:2.6 failed to transfer from https://repo.maven.apache.org/maven2 during a previous attempt. This failure was cached in the local repository and resolution is not reattempted until the update interval of central has elapsed or updates are forced. Original error: Could not transfer artifact org.apache.maven.plugins:maven-resources-plugin:pom:2.6 from/to central (https://repo.maven.apache.org/maven2): The operation was cancelled.
	at org.eclipse.aether.internal.impl.DefaultUpdateCheckManager.newException(DefaultUpdateCheckManager.java:225)
	at org.eclipse.aether.internal.impl.DefaultUpdateCheckManager.checkArtifact(DefaultUpdateCheckManager.java:189)
	at org.eclipse.aether.internal.impl.DefaultArtifactResolver.gatherDownloads(DefaultArtifactResolver.java:574)
	at org.eclipse.aether.internal.impl.DefaultArtifactResolver.performDownloads(DefaultArtifactResolver.java:484)
	at org.eclipse.aether.internal.impl.DefaultArtifactResolver.resolve(DefaultArtifactResolver.java:402)
	... 35 common frames omitted
2022-03-29 16:06:45,582 [Worker-7: Discover lifecycle mappings] INFO  o.e.m.i.discovery.MavenDiscovery - No lifecyle mapping found at jar:file:/C:/Users/Admin/AppData/Local/Temp/RemoteBundleDiscoveryStrategy17961443480206408411.tmp/org.eclipse.m2e.discovery.oss_catalog_1.14.jar_6645061045077379016.jar!/lifecycle%2Forg.eclipse.m2e.discovery.lifecyclemapping.m2e-wtp.xml
2022-03-29 16:06:45,585 [Worker-7: Discover lifecycle mappings] WARN  o.e.m.i.discovery.MavenDiscovery - CatalogItem org.eclipse.m2e.discovery.lifecyclemapping.m2e-wtp does not contain lifecycle mapping metadata
2022-03-29 16:06:45,588 [Worker-7: Discover lifecycle mappings] INFO  o.e.m.i.discovery.MavenDiscovery - No lifecyle mapping found at jar:file:/C:/Users/Admin/AppData/Local/Temp/RemoteBundleDiscoveryStrategy17961443480206408411.tmp/org.eclipse.m2e.discovery.oss_catalog_1.14.jar_6645061045077379016.jar!/lifecycle%2Forg.eclipse.m2e.discovery.lifecyclemapping.m2e-egit.xml
2022-03-29 16:06:45,591 [Worker-7: Discover lifecycle mappings] WARN  o.e.m.i.discovery.MavenDiscovery - CatalogItem org.eclipse.m2e.discovery.lifecyclemapping.m2e-egit does not contain lifecycle mapping metadata
2022-03-29 16:06:45,593 [Worker-7: Discover lifecycle mappings] INFO  o.e.m.i.discovery.MavenDiscovery - No lifecyle mapping found at jar:file:/C:/Users/Admin/AppData/Local/Temp/RemoteBundleDiscoveryStrategy17961443480206408411.tmp/org.eclipse.m2e.discovery.oss_catalog_1.14.jar_6645061045077379016.jar!/lifecycle%2Forg.eclipse.m2e.discovery.lifecyclemapping.m2e-subversive.xml
2022-03-29 16:06:45,598 [Worker-7: Discover lifecycle mappings] WARN  o.e.m.i.discovery.MavenDiscovery - CatalogItem org.eclipse.m2e.discovery.lifecyclemapping.m2e-subversive does not contain lifecycle mapping metadata
2022-03-29 16:06:45,712 [Worker-7: Discover lifecycle mappings] INFO  o.e.m.i.discovery.MavenDiscovery - No lifecyle mapping found at jar:file:/C:/Users/Admin/AppData/Local/Temp/RemoteBundleDiscoveryStrategy17961443480206408411.tmp/org.eclipse.m2e.discovery.oss_catalog_1.14.jar_6645061045077379016.jar!/lifecycle%2Forg.eclipse.m2e.discovery.extras.m2e-chromatic.xml
2022-03-29 16:06:45,714 [Worker-7: Discover lifecycle mappings] WARN  o.e.m.i.discovery.MavenDiscovery - CatalogItem org.eclipse.m2e.discovery.extras.m2e-chromatic does not contain lifecycle mapping metadata
2022-03-29 16:12:18,499 [Worker-2: Loading available Gradle versions] INFO  o.e.b.c.i.u.g.PublishedGradleVersions - Gradle version information cache is up-to-date. Trying to read.
2022-03-29 16:18:37,359 [Worker-24: Enabling Maven Dependency Management] INFO  o.e.m.c.i.l.LifecycleMappingFactory - Using org.maven.ide.eclipse.wtp.WarLifecycleMapping lifecycle mapping for MavenProject: Phase2_feb_fundamental:Phase2_feb_fundamental:0.0.1-SNAPSHOT @ E:\Eclipse\Phase2\Phase2_feb_fundamental\pom.xml.
2022-03-29 16:18:38,085 [Worker-24: Enabling Maven Dependency Management] ERROR o.e.m.c.u.i.a.EnableNatureAction - Could not calculate build plan: Plugin org.apache.maven.plugins:maven-resources-plugin:2.6 or one of its dependencies could not be resolved: Failed to read artifact descriptor for org.apache.maven.plugins:maven-resources-plugin:jar:2.6
org.eclipse.core.runtime.CoreException: Could not calculate build plan: Plugin org.apache.maven.plugins:maven-resources-plugin:2.6 or one of its dependencies could not be resolved: Failed to read artifact descriptor for org.apache.maven.plugins:maven-resources-plugin:jar:2.6
	at org.eclipse.m2e.core.internal.embedder.MavenImpl.setupMojoExecution(MavenImpl.java:417)
	at org.eclipse.m2e.core.internal.embedder.MavenImpl.lambda$1(MavenImpl.java:426)
	at org.eclipse.m2e.core.internal.embedder.MavenExecutionContext.executeBare(MavenExecutionContext.java:182)
	at org.eclipse.m2e.core.internal.embedder.MavenExecutionContext.execute(MavenExecutionContext.java:117)
	at org.eclipse.m2e.core.internal.embedder.MavenImpl.setupMojoExecution(MavenImpl.java:426)
	at org.eclipse.m2e.core.internal.project.registry.ProjectRegistryManager.setupMojoExecution(ProjectRegistryManager.java:1003)
	at org.eclipse.m2e.core.internal.project.registry.MavenProjectFacade.getMojoExecution(MavenProjectFacade.java:446)
	at org.eclipse.m2e.core.project.configurator.AbstractCustomizableLifecycleMapping.getBuildParticipants(AbstractCustomizableLifecycleMapping.java:69)
	at org.eclipse.m2e.core.project.configurator.AbstractLifecycleMapping.configure(AbstractLifecycleMapping.java:101)
	at org.eclipse.m2e.core.internal.project.ProjectConfigurationManager.lambda$2(ProjectConfigurationManager.java:515)
	at org.eclipse.m2e.core.internal.embedder.MavenExecutionContext.executeBare(MavenExecutionContext.java:182)
	at org.eclipse.m2e.core.internal.embedder.MavenExecutionContext.execute(MavenExecutionContext.java:156)
	at org.eclipse.m2e.core.internal.project.ProjectConfigurationManager.updateProjectConfiguration(ProjectConfigurationManager.java:509)
	at org.eclipse.m2e.core.internal.project.ProjectConfigurationManager.configureNewMavenProjects(ProjectConfigurationManager.java:298)
	at org.eclipse.m2e.core.internal.project.ProjectConfigurationManager$1.run(ProjectConfigurationManager.java:536)
	at org.eclipse.m2e.core.internal.embedder.AbstractRunnable.call(AbstractRunnable.java:29)
	at org.eclipse.m2e.core.internal.embedder.AbstractRunnable.call(AbstractRunnable.java:1)
	at org.eclipse.m2e.core.internal.embedder.MavenExecutionContext.executeBare(MavenExecutionContext.java:182)
	at org.eclipse.m2e.core.internal.embedder.MavenExecutionContext.execute(MavenExecutionContext.java:156)
	at org.eclipse.m2e.core.internal.embedder.MavenExecutionContext.execute(MavenExecutionContext.java:103)
	at org.eclipse.m2e.core.internal.embedder.MavenImpl.execute(MavenImpl.java:1416)
	at org.eclipse.m2e.core.internal.project.ProjectConfigurationManager.enableMavenNature(ProjectConfigurationManager.java:532)
	at org.eclipse.m2e.core.ui.internal.actions.EnableNatureAction$1.run(EnableNatureAction.java:141)
	at org.eclipse.core.internal.jobs.Worker.run(Worker.java:63)
Caused by: org.apache.maven.plugin.PluginResolutionException: Plugin org.apache.maven.plugins:maven-resources-plugin:2.6 or one of its dependencies could not be resolved: Failed to read artifact descriptor for org.apache.maven.plugins:maven-resources-plugin:jar:2.6
	at org.apache.maven.plugin.internal.DefaultPluginDependenciesResolver.resolve(DefaultPluginDependenciesResolver.java:121)
	at org.eclipse.m2e.core.internal.project.registry.EclipsePluginDependenciesResolver.resolve(EclipsePluginDependenciesResolver.java:49)
	at org.apache.maven.plugin.internal.DefaultMavenPluginManager.getPluginDescriptor(DefaultMavenPluginManager.java:182)
	at org.apache.maven.plugin.internal.DefaultMavenPluginManager.getMojoDescriptor(DefaultMavenPluginManager.java:286)
	at org.apache.maven.plugin.DefaultBuildPluginManager.getMojoDescriptor(DefaultBuildPluginManager.java:244)
	at org.apache.maven.lifecycle.internal.DefaultLifecycleExecutionPlanCalculator.setupMojoExecution(DefaultLifecycleExecutionPlanCalculator.java:169)
	at org.eclipse.m2e.core.internal.embedder.MavenImpl.setupMojoExecution(MavenImpl.java:415)
	... 23 common frames omitted
Caused by: org.eclipse.aether.resolution.ArtifactDescriptorException: Failed to read artifact descriptor for org.apache.maven.plugins:maven-resources-plugin:jar:2.6
	at org.apache.maven.repository.internal.DefaultArtifactDescriptorReader.loadPom(DefaultArtifactDescriptorReader.java:259)
	at org.apache.maven.repository.internal.DefaultArtifactDescriptorReader.readArtifactDescriptor(DefaultArtifactDescriptorReader.java:175)
	at org.eclipse.aether.internal.impl.DefaultRepositorySystem.readArtifactDescriptor(DefaultRepositorySystem.java:255)
	at org.apache.maven.plugin.internal.DefaultPluginDependenciesResolver.resolve(DefaultPluginDependenciesResolver.java:107)
	... 29 common frames omitted
Caused by: org.eclipse.aether.resolution.ArtifactResolutionException: org.apache.maven.plugins:maven-resources-plugin:pom:2.6 failed to transfer from https://repo.maven.apache.org/maven2 during a previous attempt. This failure was cached in the local repository and resolution is not reattempted until the update interval of central has elapsed or updates are forced. Original error: Could not transfer artifact org.apache.maven.plugins:maven-resources-plugin:pom:2.6 from/to central (https://repo.maven.apache.org/maven2): The operation was cancelled.
	at org.eclipse.aether.internal.impl.DefaultArtifactResolver.resolve(DefaultArtifactResolver.java:425)
	at org.eclipse.aether.internal.impl.DefaultArtifactResolver.resolveArtifacts(DefaultArtifactResolver.java:229)
	at org.eclipse.aether.internal.impl.DefaultArtifactResolver.resolveArtifact(DefaultArtifactResolver.java:207)
	at org.apache.maven.repository.internal.DefaultArtifactDescriptorReader.loadPom(DefaultArtifactDescriptorReader.java:244)
	... 32 common frames omitted
Caused by: org.eclipse.aether.transfer.ArtifactTransferException: org.apache.maven.plugins:maven-resources-plugin:pom:2.6 failed to transfer from https://repo.maven.apache.org/maven2 during a previous attempt. This failure was cached in the local repository and resolution is not reattempted until the update interval of central has elapsed or updates are forced. Original error: Could not transfer artifact org.apache.maven.plugins:maven-resources-plugin:pom:2.6 from/to central (https://repo.maven.apache.org/maven2): The operation was cancelled.
	at org.eclipse.aether.internal.impl.DefaultUpdateCheckManager.newException(DefaultUpdateCheckManager.java:225)
	at org.eclipse.aether.internal.impl.DefaultUpdateCheckManager.checkArtifact(DefaultUpdateCheckManager.java:189)
	at org.eclipse.aether.internal.impl.DefaultArtifactResolver.gatherDownloads(DefaultArtifactResolver.java:574)
	at org.eclipse.aether.internal.impl.DefaultArtifactResolver.performDownloads(DefaultArtifactResolver.java:484)
	at org.eclipse.aether.internal.impl.DefaultArtifactResolver.resolve(DefaultArtifactResolver.java:402)
	... 35 common frames omitted
2022-03-29 19:41:25,479 [Worker-0: Loading available Gradle versions] INFO  o.e.b.c.i.u.g.PublishedGradleVersions - Gradle version information cache is up-to-date. Trying to read.
2022-03-29 19:45:05,975 [Worker-0: Loading available Gradle versions] INFO  o.e.b.c.i.u.g.PublishedGradleVersions - Gradle version information cache is up-to-date. Trying to read.
2022-03-29 19:49:08,810 [Worker-21: Enabling Maven Dependency Management] INFO  o.e.m.c.i.l.LifecycleMappingFactory - Using org.maven.ide.eclipse.wtp.WarLifecycleMapping lifecycle mapping for MavenProject: Phase2_feb_fundamentals:Phase2_feb_fundamentals:0.0.1-SNAPSHOT @ E:\Eclipse\Phase2\Phase2_feb_fundamentals\pom.xml.
2022-03-29 19:49:09,365 [Worker-21: Enabling Maven Dependency Management] ERROR o.e.m.c.u.i.a.EnableNatureAction - Could not calculate build plan: Plugin org.apache.maven.plugins:maven-resources-plugin:2.6 or one of its dependencies could not be resolved: Failed to read artifact descriptor for org.apache.maven.plugins:maven-resources-plugin:jar:2.6
org.eclipse.core.runtime.CoreException: Could not calculate build plan: Plugin org.apache.maven.plugins:maven-resources-plugin:2.6 or one of its dependencies could not be resolved: Failed to read artifact descriptor for org.apache.maven.plugins:maven-resources-plugin:jar:2.6
	at org.eclipse.m2e.core.internal.embedder.MavenImpl.setupMojoExecution(MavenImpl.java:417)
	at org.eclipse.m2e.core.internal.embedder.MavenImpl.lambda$1(MavenImpl.java:426)
	at org.eclipse.m2e.core.internal.embedder.MavenExecutionContext.executeBare(MavenExecutionContext.java:182)
	at org.eclipse.m2e.core.internal.embedder.MavenExecutionContext.execute(MavenExecutionContext.java:117)
	at org.eclipse.m2e.core.internal.embedder.MavenImpl.setupMojoExecution(MavenImpl.java:426)
	at org.eclipse.m2e.core.internal.project.registry.ProjectRegistryManager.setupMojoExecution(ProjectRegistryManager.java:1003)
	at org.eclipse.m2e.core.internal.project.registry.MavenProjectFacade.getMojoExecution(MavenProjectFacade.java:446)
	at org.eclipse.m2e.core.project.configurator.AbstractCustomizableLifecycleMapping.getBuildParticipants(AbstractCustomizableLifecycleMapping.java:69)
	at org.eclipse.m2e.core.project.configurator.AbstractLifecycleMapping.configure(AbstractLifecycleMapping.java:101)
	at org.eclipse.m2e.core.internal.project.ProjectConfigurationManager.lambda$2(ProjectConfigurationManager.java:515)
	at org.eclipse.m2e.core.internal.embedder.MavenExecutionContext.executeBare(MavenExecutionContext.java:182)
	at org.eclipse.m2e.core.internal.embedder.MavenExecutionContext.execute(MavenExecutionContext.java:156)
	at org.eclipse.m2e.core.internal.project.ProjectConfigurationManager.updateProjectConfiguration(ProjectConfigurationManager.java:509)
	at org.eclipse.m2e.core.internal.project.ProjectConfigurationManager.configureNewMavenProjects(ProjectConfigurationManager.java:298)
	at org.eclipse.m2e.core.internal.project.ProjectConfigurationManager$1.run(ProjectConfigurationManager.java:536)
	at org.eclipse.m2e.core.internal.embedder.AbstractRunnable.call(AbstractRunnable.java:29)
	at org.eclipse.m2e.core.internal.embedder.AbstractRunnable.call(AbstractRunnable.java:1)
	at org.eclipse.m2e.core.internal.embedder.MavenExecutionContext.executeBare(MavenExecutionContext.java:182)
	at org.eclipse.m2e.core.internal.embedder.MavenExecutionContext.execute(MavenExecutionContext.java:156)
	at org.eclipse.m2e.core.internal.embedder.MavenExecutionContext.execute(MavenExecutionContext.java:103)
	at org.eclipse.m2e.core.internal.embedder.MavenImpl.execute(MavenImpl.java:1416)
	at org.eclipse.m2e.core.internal.project.ProjectConfigurationManager.enableMavenNature(ProjectConfigurationManager.java:532)
	at org.eclipse.m2e.core.ui.internal.actions.EnableNatureAction$1.run(EnableNatureAction.java:141)
	at org.eclipse.core.internal.jobs.Worker.run(Worker.java:63)
Caused by: org.apache.maven.plugin.PluginResolutionException: Plugin org.apache.maven.plugins:maven-resources-plugin:2.6 or one of its dependencies could not be resolved: Failed to read artifact descriptor for org.apache.maven.plugins:maven-resources-plugin:jar:2.6
	at org.apache.maven.plugin.internal.DefaultPluginDependenciesResolver.resolve(DefaultPluginDependenciesResolver.java:121)
	at org.eclipse.m2e.core.internal.project.registry.EclipsePluginDependenciesResolver.resolve(EclipsePluginDependenciesResolver.java:49)
	at org.apache.maven.plugin.internal.DefaultMavenPluginManager.getPluginDescriptor(DefaultMavenPluginManager.java:182)
	at org.apache.maven.plugin.internal.DefaultMavenPluginManager.getMojoDescriptor(DefaultMavenPluginManager.java:286)
	at org.apache.maven.plugin.DefaultBuildPluginManager.getMojoDescriptor(DefaultBuildPluginManager.java:244)
	at org.apache.maven.lifecycle.internal.DefaultLifecycleExecutionPlanCalculator.setupMojoExecution(DefaultLifecycleExecutionPlanCalculator.java:169)
	at org.eclipse.m2e.core.internal.embedder.MavenImpl.setupMojoExecution(MavenImpl.java:415)
	... 23 common frames omitted
Caused by: org.eclipse.aether.resolution.ArtifactDescriptorException: Failed to read artifact descriptor for org.apache.maven.plugins:maven-resources-plugin:jar:2.6
	at org.apache.maven.repository.internal.DefaultArtifactDescriptorReader.loadPom(DefaultArtifactDescriptorReader.java:259)
	at org.apache.maven.repository.internal.DefaultArtifactDescriptorReader.readArtifactDescriptor(DefaultArtifactDescriptorReader.java:175)
	at org.eclipse.aether.internal.impl.DefaultRepositorySystem.readArtifactDescriptor(DefaultRepositorySystem.java:255)
	at org.apache.maven.plugin.internal.DefaultPluginDependenciesResolver.resolve(DefaultPluginDependenciesResolver.java:107)
	... 29 common frames omitted
Caused by: org.eclipse.aether.resolution.ArtifactResolutionException: org.apache.maven.plugins:maven-resources-plugin:pom:2.6 failed to transfer from https://repo.maven.apache.org/maven2 during a previous attempt. This failure was cached in the local repository and resolution is not reattempted until the update interval of central has elapsed or updates are forced. Original error: Could not transfer artifact org.apache.maven.plugins:maven-resources-plugin:pom:2.6 from/to central (https://repo.maven.apache.org/maven2): The operation was cancelled.
	at org.eclipse.aether.internal.impl.DefaultArtifactResolver.resolve(DefaultArtifactResolver.java:425)
	at org.eclipse.aether.internal.impl.DefaultArtifactResolver.resolveArtifacts(DefaultArtifactResolver.java:229)
	at org.eclipse.aether.internal.impl.DefaultArtifactResolver.resolveArtifact(DefaultArtifactResolver.java:207)
	at org.apache.maven.repository.internal.DefaultArtifactDescriptorReader.loadPom(DefaultArtifactDescriptorReader.java:244)
	... 32 common frames omitted
Caused by: org.eclipse.aether.transfer.ArtifactTransferException: org.apache.maven.plugins:maven-resources-plugin:pom:2.6 failed to transfer from https://repo.maven.apache.org/maven2 during a previous attempt. This failure was cached in the local repository and resolution is not reattempted until the update interval of central has elapsed or updates are forced. Original error: Could not transfer artifact org.apache.maven.plugins:maven-resources-plugin:pom:2.6 from/to central (https://repo.maven.apache.org/maven2): The operation was cancelled.
	at org.eclipse.aether.internal.impl.DefaultUpdateCheckManager.newException(DefaultUpdateCheckManager.java:225)
	at org.eclipse.aether.internal.impl.DefaultUpdateCheckManager.checkArtifact(DefaultUpdateCheckManager.java:189)
	at org.eclipse.aether.internal.impl.DefaultArtifactResolver.gatherDownloads(DefaultArtifactResolver.java:574)
	at org.eclipse.aether.internal.impl.DefaultArtifactResolver.performDownloads(DefaultArtifactResolver.java:484)
	at org.eclipse.aether.internal.impl.DefaultArtifactResolver.resolve(DefaultArtifactResolver.java:402)
	... 35 common frames omitted
2022-03-29 19:49:52,104 [Worker-16: Launching Executing test in E__Eclipse_Phase2_Phase2_feb_fundamentals] INFO  o.e.m.i.launch.MavenLaunchDelegate - E:\Eclipse\Phase2\Phase2_feb_fundamentals
2022-03-29 19:49:52,104 [Worker-23: Launching Executing install in E__Eclipse_Phase2_Phase2_feb_fundamentals] INFO  o.e.m.i.launch.MavenLaunchDelegate - E:\Eclipse\Phase2\Phase2_feb_fundamentals
2022-03-29 19:49:52,128 [Worker-16: Launching Executing test in E__Eclipse_Phase2_Phase2_feb_fundamentals] INFO  o.e.m.i.launch.MavenLaunchDelegate -  mvn -B test
2022-03-29 19:49:52,128 [Worker-23: Launching Executing install in E__Eclipse_Phase2_Phase2_feb_fundamentals] INFO  o.e.m.i.launch.MavenLaunchDelegate -  mvn -B install
